<?xml version="1.0" encoding="UTF-8"?>
<!-- Generated by org.testng.reporters.JUnitReportReporter -->
<testsuite hostname="MSI" failures="0" tests="2" name="Sample.Sample.GoogleSearchTest" time="6.365" errors="0" timestamp="2022-08-29T02:23:46 EDT" skipped="0">
  <testcase classname="Sample.Sample.GoogleSearchTest" name="verifyPageTitleTest" time="2.448"/>
  <system-out/>
  <testcase classname="Sample.Sample.GoogleSearchTest" name="VerifyGoogleLogoTest" time="3.917"/>
  <system-out/>
</testsuite> <!-- Sample.Sample.GoogleSearchTest -->
