<?xml version="1.0" encoding="UTF-8"?>
<!-- Generated by org.testng.reporters.JUnitReportReporter -->
<testsuite hostname="MSI" failures="0" tests="2" name="Sample.Sample.GoogleSearchTest" time="6.331" errors="0" timestamp="2022-08-29T01:46:45 EDT" skipped="0">
  <testcase classname="Sample.Sample.GoogleSearchTest" name="verifyPageTitleTest" time="2.436"/>
  <system-out/>
  <testcase classname="Sample.Sample.GoogleSearchTest" name="VerifyGoogleLogoTest" time="3.895"/>
  <system-out/>
</testsuite> <!-- Sample.Sample.GoogleSearchTest -->
