<?xml version="1.0" encoding="UTF-8"?>
<!-- Generated by org.testng.reporters.JUnitReportReporter -->
<testsuite hostname="MSI" failures="0" tests="2" name="Sample.Sample.GoogleSearchTest" time="13.655" errors="0" timestamp="2022-08-29T22:29:58 EDT" skipped="0">
  <testcase classname="Sample.Sample.GoogleSearchTest" name="verifyPageTitleTest" time="9.597"/>
  <system-out/>
  <testcase classname="Sample.Sample.GoogleSearchTest" name="VerifyGoogleLogoTest" time="4.058"/>
  <system-out/>
</testsuite> <!-- Sample.Sample.GoogleSearchTest -->
