<?xml version="1.0" encoding="UTF-8"?>
<!-- Generated by org.testng.reporters.JUnitReportReporter -->
<testsuite hostname="MSI" failures="0" tests="2" name="Sample.Sample.GoogleSearchTest" time="8.502" errors="0" timestamp="2022-08-28T01:57:02 EDT" skipped="0">
  <testcase classname="Sample.Sample.GoogleSearchTest" name="verifyPageTitleTest" time="3.575"/>
  <system-out/>
  <testcase classname="Sample.Sample.GoogleSearchTest" name="VerifyGoogleLogoTest" time="4.927"/>
  <system-out/>
</testsuite> <!-- Sample.Sample.GoogleSearchTest -->
